# JRE version: Java(TM) SE Runtime Environment (8.0_112-b15) (build 1.8.0_112-b15)
# Java VM: Java HotSpot(TM) 64-Bit Server VM (25.112-b15 mixed mode windows-amd64 compressed oops)
Heap:
 PSYoungGen      total 274432K, used 112061K [0x00000000eab00000, 0x00000000fd400000, 0x0000000100000000)
  eden space 257024K, 36% used [0x00000000eab00000,0x00000000f07719a0,0x00000000fa600000)
  from space 17408K, 99% used [0x00000000fc300000,0x00000000fd3fdcb0,0x00000000fd400000)
  to   space 20480K, 0% used [0x00000000fac00000,0x00000000fac00000,0x00000000fc000000)
 ParOldGen       total 139264K, used 23039K [0x00000000c0000000, 0x00000000c8800000, 0x00000000eab00000)
  object space 139264K, 16% used [0x00000000c0000000,0x00000000c167fde8,0x00000000c8800000)
 Metaspace       used 42243K, capacity 43382K, committed 43648K, reserved 1087488K
  class space    used 5952K, capacity 6235K, committed 6272K, reserved 1048576K
GC Heap History (10 events):
Event: 8.566 GC heap before
{Heap before GC invocations=6 (full 1):
 PSYoungGen      total 115712K, used 115249K [0x00000000eab00000, 0x00000000f3c80000, 0x0000000100000000)
  eden space 108544K, 100% used [0x00000000eab00000,0x00000000f1500000,0x00000000f1500000)
  from space 7168K, 93% used [0x00000000f3580000,0x00000000f3c0c608,0x00000000f3c80000)
  to   space 10752K, 0% used [0x00000000f2780000,0x00000000f2780000,0x00000000f3200000)
 ParOldGen       total 94720K, used 7192K [0x00000000c0000000, 0x00000000c5c80000, 0x00000000eab00000)
  object space 94720K, 7% used [0x00000000c0000000,0x00000000c07062e0,0x00000000c5c80000)
 Metaspace       used 31062K, capacity 31616K, committed 31872K, reserved 1077248K
  class space    used 4303K, capacity 4452K, committed 4480K, reserved 1048576K
Event: 8.575 GC heap after
Heap after GC invocations=6 (full 1):
 PSYoungGen      total 138240K, used 8444K [0x00000000eab00000, 0x00000000f6d00000, 0x0000000100000000)
  eden space 127488K, 0% used [0x00000000eab00000,0x00000000eab00000,0x00000000f2780000)
  from space 10752K, 78% used [0x00000000f2780000,0x00000000f2fbf2d8,0x00000000f3200000)
  to   space 12800K, 0% used [0x00000000f6080000,0x00000000f6080000,0x00000000f6d00000)
 ParOldGen       total 94720K, used 7272K [0x00000000c0000000, 0x00000000c5c80000, 0x00000000eab00000)
  object space 94720K, 7% used [0x00000000c0000000,0x00000000c071a2f0,0x00000000c5c80000)
 Metaspace       used 31062K, capacity 31616K, committed 31872K, reserved 1077248K
  class space    used 4303K, capacity 4452K, committed 4480K, reserved 1048576K
}
Event: 9.392 GC heap before
{Heap before GC invocations=7 (full 1):
 PSYoungGen      total 138240K, used 106484K [0x00000000eab00000, 0x00000000f6d00000, 0x0000000100000000)
  eden space 127488K, 76% used [0x00000000eab00000,0x00000000f0abe008,0x00000000f2780000)
  from space 10752K, 78% used [0x00000000f2780000,0x00000000f2fbf2d8,0x00000000f3200000)
  to   space 12800K, 0% used [0x00000000f6080000,0x00000000f6080000,0x00000000f6d00000)
 ParOldGen       total 94720K, used 7272K [0x00000000c0000000, 0x00000000c5c80000, 0x00000000eab00000)
  object space 94720K, 7% used [0x00000000c0000000,0x00000000c071a2f0,0x00000000c5c80000)
 Metaspace       used 34707K, capacity 35268K, committed 35416K, reserved 1079296K
  class space    used 4859K, capacity 5024K, committed 5120K, reserved 1048576K
Event: 9.409 GC heap after
Heap after GC invocations=7 (full 1):
 PSYoungGen      total 184320K, used 12779K [0x00000000eab00000, 0x00000000f8a80000, 0x0000000100000000)
  eden space 171520K, 0% used [0x00000000eab00000,0x00000000eab00000,0x00000000f5280000)
  from space 12800K, 99% used [0x00000000f6080000,0x00000000f6cfac98,0x00000000f6d00000)
  to   space 14336K, 0% used [0x00000000f5280000,0x00000000f5280000,0x00000000f6080000)
 ParOldGen       total 94720K, used 7334K [0x00000000c0000000, 0x00000000c5c80000, 0x00000000eab00000)
  object space 94720K, 7% used [0x00000000c0000000,0x00000000c0729a60,0x00000000c5c80000)
 Metaspace       used 34707K, capacity 35268K, committed 35416K, reserved 1079296K
  class space    used 4859K, capacity 5024K, committed 5120K, reserved 1048576K
}
Event: 9.409 GC heap before
{Heap before GC invocations=8 (full 2):
 PSYoungGen      total 184320K, used 12779K [0x00000000eab00000, 0x00000000f8a80000, 0x0000000100000000)
  eden space 171520K, 0% used [0x00000000eab00000,0x00000000eab00000,0x00000000f5280000)
  from space 12800K, 99% used [0x00000000f6080000,0x00000000f6cfac98,0x00000000f6d00000)
  to   space 14336K, 0% used [0x00000000f5280000,0x00000000f5280000,0x00000000f6080000)
 ParOldGen       total 94720K, used 7334K [0x00000000c0000000, 0x00000000c5c80000, 0x00000000eab00000)
  object space 94720K, 7% used [0x00000000c0000000,0x00000000c0729a60,0x00000000c5c80000)
 Metaspace       used 34707K, capacity 35268K, committed 35416K, reserved 1079296K
  class space    used 4859K, capacity 5024K, committed 5120K, reserved 1048576K
Event: 9.499 GC heap after
Heap after GC invocations=8 (full 2):
 PSYoungGen      total 184320K, used 0K [0x00000000eab00000, 0x00000000f8a80000, 0x0000000100000000)
  eden space 171520K, 0% used [0x00000000eab00000,0x00000000eab00000,0x00000000f5280000)
  from space 12800K, 0% used [0x00000000f6080000,0x00000000f6080000,0x00000000f6d00000)
  to   space 14336K, 0% used [0x00000000f5280000,0x00000000f5280000,0x00000000f6080000)
 ParOldGen       total 139264K, used 19407K [0x00000000c0000000, 0x00000000c8800000, 0x00000000eab00000)
  object space 139264K, 13% used [0x00000000c0000000,0x00000000c12f3e58,0x00000000c8800000)
 Metaspace       used 34707K, capacity 35268K, committed 35416K, reserved 1079296K
  class space    used 4859K, capacity 5024K, committed 5120K, reserved 1048576K
}
Event: 11.593 GC heap before
{Heap before GC invocations=9 (full 2):
 PSYoungGen      total 184320K, used 171520K [0x00000000eab00000, 0x00000000f8a80000, 0x0000000100000000)
  eden space 171520K, 100% used [0x00000000eab00000,0x00000000f5280000,0x00000000f5280000)
  from space 12800K, 0% used [0x00000000f6080000,0x00000000f6080000,0x00000000f6d00000)
  to   space 14336K, 0% used [0x00000000f5280000,0x00000000f5280000,0x00000000f6080000)
 ParOldGen       total 139264K, used 19407K [0x00000000c0000000, 0x00000000c8800000, 0x00000000eab00000)
  object space 139264K, 13% used [0x00000000c0000000,0x00000000c12f3e58,0x00000000c8800000)
 Metaspace       used 39222K, capacity 40244K, committed 40448K, reserved 1083392K
  class space    used 5571K, capacity 5857K, committed 5888K, reserved 1048576K
Event: 11.609 GC heap after
Heap after GC invocations=9 (full 2):
 PSYoungGen      total 185856K, used 14320K [0x00000000eab00000, 0x00000000fd400000, 0x0000000100000000)
  eden space 171520K, 0% used [0x00000000eab00000,0x00000000eab00000,0x00000000f5280000)
  from space 14336K, 99% used [0x00000000f5280000,0x00000000f607c020,0x00000000f6080000)
  to   space 17408K, 0% used [0x00000000fc300000,0x00000000fc300000,0x00000000fd400000)
 ParOldGen       total 139264K, used 21574K [0x00000000c0000000, 0x00000000c8800000, 0x00000000eab00000)
  object space 139264K, 15% used [0x00000000c0000000,0x00000000c15118c0,0x00000000c8800000)
 Metaspace       used 39222K, capacity 40244K, committed 40448K, reserved 1083392K
  class space    used 5571K, capacity 5857K, committed 5888K, reserved 1048576K
}
Event: 7336.770 GC heap before
{Heap before GC invocations=10 (full 2):
 PSYoungGen      total 185856K, used 185840K [0x00000000eab00000, 0x00000000fd400000, 0x0000000100000000)
  eden space 171520K, 100% used [0x00000000eab00000,0x00000000f5280000,0x00000000f5280000)
  from space 14336K, 99% used [0x00000000f5280000,0x00000000f607c020,0x00000000f6080000)
  to   space 17408K, 0% used [0x00000000fc300000,0x00000000fc300000,0x00000000fd400000)
 ParOldGen       total 139264K, used 21574K [0x00000000c0000000, 0x00000000c8800000, 0x00000000eab00000)
  object space 139264K, 15% used [0x00000000c0000000,0x00000000c15118c0,0x00000000c8800000)
 Metaspace       used 42215K, capacity 43382K, committed 43648K, reserved 1087488K
  class space    used 5950K, capacity 6235K, committed 6272K, reserved 1048576K
Event: 7336.858 GC heap after
Heap after GC invocations=10 (full 2):
 PSYoungGen      total 274432K, used 17399K [0x00000000eab00000, 0x00000000fd400000, 0x0000000100000000)
  eden space 257024K, 0% used [0x00000000eab00000,0x00000000eab00000,0x00000000fa600000)
  from space 17408K, 99% used [0x00000000fc300000,0x00000000fd3fdcb0,0x00000000fd400000)
  to   space 20480K, 0% used [0x00000000fac00000,0x00000000fac00000,0x00000000fc000000)
 ParOldGen       total 139264K, used 23039K [0x00000000c0000000, 0x00000000c8800000, 0x00000000eab00000)
  object space 139264K, 16% used [0x00000000c0000000,0x00000000c167fde8,0x00000000c8800000)
 Metaspace       used 42215K, capacity 43382K, committed 43648K, reserved 1087488K
  class space    used 5950K, capacity 6235K, committed 6272K, reserved 1048576K
}

